0:0:0:0:0:0:0:1 - - [04/Dec/2018:16:19:52 +0700] "GET / HTTP/1.1" 302 - "-" "Mozilla/5.0 (Windows NT 10.0; Win64; x64) AppleWebKit/537.36 (KHTML, like Gecko) Chrome/70.0.3538.110 Safari/537.36"
0:0:0:0:0:0:0:1 - - [04/Dec/2018:16:19:52 +0700] "GET /login HTTP/1.1" 200 316 "-" "Mozilla/5.0 (Windows NT 10.0; Win64; x64) AppleWebKit/537.36 (KHTML, like Gecko) Chrome/70.0.3538.110 Safari/537.36"
0:0:0:0:0:0:0:1 - - [04/Dec/2018:16:19:52 +0700] "GET /favicon.ico HTTP/1.1" 302 - "http://localhost:8081/login" "Mozilla/5.0 (Windows NT 10.0; Win64; x64) AppleWebKit/537.36 (KHTML, like Gecko) Chrome/70.0.3538.110 Safari/537.36"
0:0:0:0:0:0:0:1 - - [04/Dec/2018:16:19:52 +0700] "GET /login HTTP/1.1" 200 316 "http://localhost:8081/login" "Mozilla/5.0 (Windows NT 10.0; Win64; x64) AppleWebKit/537.36 (KHTML, like Gecko) Chrome/70.0.3538.110 Safari/537.36"
0:0:0:0:0:0:0:1 - - [04/Dec/2018:16:22:47 +0700] "GET /api/v1/demo/get-object HTTP/1.1" 302 - "-" "Mozilla/5.0 (Windows NT 10.0; Win64; x64) AppleWebKit/537.36 (KHTML, like Gecko) Chrome/70.0.3538.110 Safari/537.36"
0:0:0:0:0:0:0:1 - - [04/Dec/2018:16:22:47 +0700] "GET /login HTTP/1.1" 200 316 "-" "Mozilla/5.0 (Windows NT 10.0; Win64; x64) AppleWebKit/537.36 (KHTML, like Gecko) Chrome/70.0.3538.110 Safari/537.36"
0:0:0:0:0:0:0:1 - - [04/Dec/2018:16:22:47 +0700] "GET /favicon.ico HTTP/1.1" 302 - "http://localhost:8081/login" "Mozilla/5.0 (Windows NT 10.0; Win64; x64) AppleWebKit/537.36 (KHTML, like Gecko) Chrome/70.0.3538.110 Safari/537.36"
0:0:0:0:0:0:0:1 - - [04/Dec/2018:16:22:47 +0700] "GET /login HTTP/1.1" 200 316 "http://localhost:8081/login" "Mozilla/5.0 (Windows NT 10.0; Win64; x64) AppleWebKit/537.36 (KHTML, like Gecko) Chrome/70.0.3538.110 Safari/537.36"
0:0:0:0:0:0:0:1 - - [04/Dec/2018:16:22:59 +0700] "POST /login HTTP/1.1" 302 - "http://localhost:8081/login" "Mozilla/5.0 (Windows NT 10.0; Win64; x64) AppleWebKit/537.36 (KHTML, like Gecko) Chrome/70.0.3538.110 Safari/537.36"
0:0:0:0:0:0:0:1 - - [04/Dec/2018:16:22:59 +0700] "GET /login?error HTTP/1.1" 200 392 "http://localhost:8081/login" "Mozilla/5.0 (Windows NT 10.0; Win64; x64) AppleWebKit/537.36 (KHTML, like Gecko) Chrome/70.0.3538.110 Safari/537.36"
0:0:0:0:0:0:0:1 - - [04/Dec/2018:16:23:00 +0700] "GET /favicon.ico HTTP/1.1" 302 - "http://localhost:8081/login?error" "Mozilla/5.0 (Windows NT 10.0; Win64; x64) AppleWebKit/537.36 (KHTML, like Gecko) Chrome/70.0.3538.110 Safari/537.36"
0:0:0:0:0:0:0:1 - - [04/Dec/2018:16:23:00 +0700] "GET /login HTTP/1.1" 200 316 "http://localhost:8081/login?error" "Mozilla/5.0 (Windows NT 10.0; Win64; x64) AppleWebKit/537.36 (KHTML, like Gecko) Chrome/70.0.3538.110 Safari/537.36"
0:0:0:0:0:0:0:1 - - [04/Dec/2018:16:23:45 +0700] "GET /login?error HTTP/1.1" 200 380 "http://localhost:8081/login" "Mozilla/5.0 (Windows NT 10.0; Win64; x64) AppleWebKit/537.36 (KHTML, like Gecko) Chrome/70.0.3538.110 Safari/537.36"
0:0:0:0:0:0:0:1 - - [04/Dec/2018:16:23:45 +0700] "GET /favicon.ico HTTP/1.1" 302 - "http://localhost:8081/login?error" "Mozilla/5.0 (Windows NT 10.0; Win64; x64) AppleWebKit/537.36 (KHTML, like Gecko) Chrome/70.0.3538.110 Safari/537.36"
0:0:0:0:0:0:0:1 - - [04/Dec/2018:16:23:45 +0700] "GET /login HTTP/1.1" 200 315 "http://localhost:8081/login?error" "Mozilla/5.0 (Windows NT 10.0; Win64; x64) AppleWebKit/537.36 (KHTML, like Gecko) Chrome/70.0.3538.110 Safari/537.36"
0:0:0:0:0:0:0:1 - - [04/Dec/2018:16:23:48 +0700] "GET / HTTP/1.1" 302 - "-" "Mozilla/5.0 (Windows NT 10.0; Win64; x64) AppleWebKit/537.36 (KHTML, like Gecko) Chrome/70.0.3538.110 Safari/537.36"
0:0:0:0:0:0:0:1 - - [04/Dec/2018:16:23:48 +0700] "GET /login HTTP/1.1" 200 315 "-" "Mozilla/5.0 (Windows NT 10.0; Win64; x64) AppleWebKit/537.36 (KHTML, like Gecko) Chrome/70.0.3538.110 Safari/537.36"
0:0:0:0:0:0:0:1 - - [04/Dec/2018:16:23:48 +0700] "GET /favicon.ico HTTP/1.1" 302 - "http://localhost:8081/login" "Mozilla/5.0 (Windows NT 10.0; Win64; x64) AppleWebKit/537.36 (KHTML, like Gecko) Chrome/70.0.3538.110 Safari/537.36"
0:0:0:0:0:0:0:1 - - [04/Dec/2018:16:23:48 +0700] "GET /login HTTP/1.1" 200 315 "http://localhost:8081/login" "Mozilla/5.0 (Windows NT 10.0; Win64; x64) AppleWebKit/537.36 (KHTML, like Gecko) Chrome/70.0.3538.110 Safari/537.36"
0:0:0:0:0:0:0:1 - - [04/Dec/2018:16:24:39 +0700] "POST /login HTTP/1.1" 302 - "http://localhost:8081/login" "Mozilla/5.0 (Windows NT 10.0; Win64; x64) AppleWebKit/537.36 (KHTML, like Gecko) Chrome/70.0.3538.110 Safari/537.36"
0:0:0:0:0:0:0:1 - - [04/Dec/2018:16:24:39 +0700] "GET /login?error HTTP/1.1" 200 390 "http://localhost:8081/login" "Mozilla/5.0 (Windows NT 10.0; Win64; x64) AppleWebKit/537.36 (KHTML, like Gecko) Chrome/70.0.3538.110 Safari/537.36"
0:0:0:0:0:0:0:1 - - [04/Dec/2018:16:24:40 +0700] "GET /favicon.ico HTTP/1.1" 302 - "http://localhost:8081/login?error" "Mozilla/5.0 (Windows NT 10.0; Win64; x64) AppleWebKit/537.36 (KHTML, like Gecko) Chrome/70.0.3538.110 Safari/537.36"
0:0:0:0:0:0:0:1 - - [04/Dec/2018:16:24:40 +0700] "GET /login HTTP/1.1" 200 315 "http://localhost:8081/login?error" "Mozilla/5.0 (Windows NT 10.0; Win64; x64) AppleWebKit/537.36 (KHTML, like Gecko) Chrome/70.0.3538.110 Safari/537.36"
0:0:0:0:0:0:0:1 - - [04/Dec/2018:16:27:28 +0700] "GET / HTTP/1.1" 302 - "-" "Mozilla/5.0 (Windows NT 10.0; Win64; x64) AppleWebKit/537.36 (KHTML, like Gecko) Chrome/70.0.3538.110 Safari/537.36"
0:0:0:0:0:0:0:1 - - [04/Dec/2018:16:27:28 +0700] "GET /login HTTP/1.1" 200 315 "-" "Mozilla/5.0 (Windows NT 10.0; Win64; x64) AppleWebKit/537.36 (KHTML, like Gecko) Chrome/70.0.3538.110 Safari/537.36"
0:0:0:0:0:0:0:1 - - [04/Dec/2018:16:27:29 +0700] "GET /favicon.ico HTTP/1.1" 302 - "http://localhost:8081/login" "Mozilla/5.0 (Windows NT 10.0; Win64; x64) AppleWebKit/537.36 (KHTML, like Gecko) Chrome/70.0.3538.110 Safari/537.36"
0:0:0:0:0:0:0:1 - - [04/Dec/2018:16:27:29 +0700] "GET /login HTTP/1.1" 200 315 "http://localhost:8081/login" "Mozilla/5.0 (Windows NT 10.0; Win64; x64) AppleWebKit/537.36 (KHTML, like Gecko) Chrome/70.0.3538.110 Safari/537.36"
0:0:0:0:0:0:0:1 - - [04/Dec/2018:16:27:32 +0700] "POST /login HTTP/1.1" 302 - "http://localhost:8081/login" "Mozilla/5.0 (Windows NT 10.0; Win64; x64) AppleWebKit/537.36 (KHTML, like Gecko) Chrome/70.0.3538.110 Safari/537.36"
0:0:0:0:0:0:0:1 - - [04/Dec/2018:16:27:32 +0700] "GET /login?error HTTP/1.1" 200 390 "http://localhost:8081/login" "Mozilla/5.0 (Windows NT 10.0; Win64; x64) AppleWebKit/537.36 (KHTML, like Gecko) Chrome/70.0.3538.110 Safari/537.36"
0:0:0:0:0:0:0:1 - - [04/Dec/2018:16:27:32 +0700] "GET /favicon.ico HTTP/1.1" 302 - "http://localhost:8081/login?error" "Mozilla/5.0 (Windows NT 10.0; Win64; x64) AppleWebKit/537.36 (KHTML, like Gecko) Chrome/70.0.3538.110 Safari/537.36"
0:0:0:0:0:0:0:1 - - [04/Dec/2018:16:27:32 +0700] "GET /login HTTP/1.1" 200 315 "http://localhost:8081/login?error" "Mozilla/5.0 (Windows NT 10.0; Win64; x64) AppleWebKit/537.36 (KHTML, like Gecko) Chrome/70.0.3538.110 Safari/537.36"
0:0:0:0:0:0:0:1 - - [04/Dec/2018:16:27:37 +0700] "POST /login HTTP/1.1" 302 - "http://localhost:8081/login?error" "Mozilla/5.0 (Windows NT 10.0; Win64; x64) AppleWebKit/537.36 (KHTML, like Gecko) Chrome/70.0.3538.110 Safari/537.36"
0:0:0:0:0:0:0:1 - - [04/Dec/2018:16:27:37 +0700] "GET /login?error HTTP/1.1" 200 390 "http://localhost:8081/login?error" "Mozilla/5.0 (Windows NT 10.0; Win64; x64) AppleWebKit/537.36 (KHTML, like Gecko) Chrome/70.0.3538.110 Safari/537.36"
0:0:0:0:0:0:0:1 - - [04/Dec/2018:16:27:37 +0700] "GET /favicon.ico HTTP/1.1" 302 - "http://localhost:8081/login?error" "Mozilla/5.0 (Windows NT 10.0; Win64; x64) AppleWebKit/537.36 (KHTML, like Gecko) Chrome/70.0.3538.110 Safari/537.36"
0:0:0:0:0:0:0:1 - - [04/Dec/2018:16:27:37 +0700] "GET /login HTTP/1.1" 200 315 "http://localhost:8081/login?error" "Mozilla/5.0 (Windows NT 10.0; Win64; x64) AppleWebKit/537.36 (KHTML, like Gecko) Chrome/70.0.3538.110 Safari/537.36"
0:0:0:0:0:0:0:1 - - [04/Dec/2018:16:27:44 +0700] "POST /login HTTP/1.1" 302 - "http://localhost:8081/login?error" "Mozilla/5.0 (Windows NT 10.0; Win64; x64) AppleWebKit/537.36 (KHTML, like Gecko) Chrome/70.0.3538.110 Safari/537.36"
0:0:0:0:0:0:0:1 - - [04/Dec/2018:16:27:44 +0700] "GET /login?error HTTP/1.1" 200 390 "http://localhost:8081/login?error" "Mozilla/5.0 (Windows NT 10.0; Win64; x64) AppleWebKit/537.36 (KHTML, like Gecko) Chrome/70.0.3538.110 Safari/537.36"
0:0:0:0:0:0:0:1 - - [04/Dec/2018:16:27:44 +0700] "GET /favicon.ico HTTP/1.1" 302 - "http://localhost:8081/login?error" "Mozilla/5.0 (Windows NT 10.0; Win64; x64) AppleWebKit/537.36 (KHTML, like Gecko) Chrome/70.0.3538.110 Safari/537.36"
0:0:0:0:0:0:0:1 - - [04/Dec/2018:16:27:44 +0700] "GET /login HTTP/1.1" 200 315 "http://localhost:8081/login?error" "Mozilla/5.0 (Windows NT 10.0; Win64; x64) AppleWebKit/537.36 (KHTML, like Gecko) Chrome/70.0.3538.110 Safari/537.36"
0:0:0:0:0:0:0:1 - - [04/Dec/2018:16:27:49 +0700] "POST /login HTTP/1.1" 302 - "http://localhost:8081/login?error" "Mozilla/5.0 (Windows NT 10.0; Win64; x64) AppleWebKit/537.36 (KHTML, like Gecko) Chrome/70.0.3538.110 Safari/537.36"
0:0:0:0:0:0:0:1 - - [04/Dec/2018:16:27:49 +0700] "GET /login?error HTTP/1.1" 200 390 "http://localhost:8081/login?error" "Mozilla/5.0 (Windows NT 10.0; Win64; x64) AppleWebKit/537.36 (KHTML, like Gecko) Chrome/70.0.3538.110 Safari/537.36"
0:0:0:0:0:0:0:1 - - [04/Dec/2018:16:27:49 +0700] "GET /favicon.ico HTTP/1.1" 302 - "http://localhost:8081/login?error" "Mozilla/5.0 (Windows NT 10.0; Win64; x64) AppleWebKit/537.36 (KHTML, like Gecko) Chrome/70.0.3538.110 Safari/537.36"
0:0:0:0:0:0:0:1 - - [04/Dec/2018:16:27:49 +0700] "GET /login HTTP/1.1" 200 315 "http://localhost:8081/login?error" "Mozilla/5.0 (Windows NT 10.0; Win64; x64) AppleWebKit/537.36 (KHTML, like Gecko) Chrome/70.0.3538.110 Safari/537.36"
0:0:0:0:0:0:0:1 - - [04/Dec/2018:16:38:27 +0700] "GET / HTTP/1.1" 404 231 "-" "Mozilla/5.0 (Windows NT 10.0; Win64; x64) AppleWebKit/537.36 (KHTML, like Gecko) Chrome/70.0.3538.110 Safari/537.36"
0:0:0:0:0:0:0:1 - - [04/Dec/2018:16:38:27 +0700] "GET /favicon.ico HTTP/1.1" 200 946 "http://localhost:8081/" "Mozilla/5.0 (Windows NT 10.0; Win64; x64) AppleWebKit/537.36 (KHTML, like Gecko) Chrome/70.0.3538.110 Safari/537.36"
0:0:0:0:0:0:0:1 - - [04/Dec/2018:16:38:31 +0700] "GET /api/v1/demo/get-object HTTP/1.1" 200 - "-" "Mozilla/5.0 (Windows NT 10.0; Win64; x64) AppleWebKit/537.36 (KHTML, like Gecko) Chrome/70.0.3538.110 Safari/537.36"
0:0:0:0:0:0:0:1 - - [04/Dec/2018:16:39:17 +0700] "GET /api/v1/demo/get-object HTTP/1.1" 200 31 "-" "Mozilla/5.0 (Windows NT 10.0; Win64; x64) AppleWebKit/537.36 (KHTML, like Gecko) Chrome/70.0.3538.110 Safari/537.36"
0:0:0:0:0:0:0:1 - - [04/Dec/2018:16:39:17 +0700] "GET /favicon.ico HTTP/1.1" 200 946 "http://localhost:8081/api/v1/demo/get-object" "Mozilla/5.0 (Windows NT 10.0; Win64; x64) AppleWebKit/537.36 (KHTML, like Gecko) Chrome/70.0.3538.110 Safari/537.36"
